<?xml version="1.0" encoding="UTF-8"?>
<coverage generated="1632825408623" clover="3.2.0">
  <project timestamp="1632825408623" name="All files">
    <metrics statements="20" coveredstatements="17" conditionals="12" coveredconditionals="8" methods="4" coveredmethods="4" elements="36" coveredelements="29" complexity="0" loc="20" ncloc="20" packages="1" files="1" classes="1"/>
    <file name="ProductDescriptionAssessment.js" path="/Users/fitriamarfuaty/Yoast/plugin-development-docker/plugins/wpseo-woocommerce/js/src/assessments/ProductDescriptionAssessment.js">
      <metrics statements="20" coveredstatements="17" conditionals="12" coveredconditionals="8" methods="4" coveredmethods="4"/>
      <line num="16" count="1" type="stmt"/>
      <line num="18" count="1" type="stmt"/>
      <line num="19" count="1" type="stmt"/>
      <line num="30" count="1" type="stmt"/>
      <line num="39" count="1" type="stmt"/>
      <line num="41" count="1" type="stmt"/>
      <line num="42" count="1" type="stmt"/>
      <line num="44" count="1" type="stmt"/>
      <line num="46" count="1" type="stmt"/>
      <line num="47" count="1" type="stmt"/>
      <line num="48" count="1" type="stmt"/>
      <line num="50" count="1" type="stmt"/>
      <line num="60" count="1" type="cond" truecount="1" falsecount="1"/>
      <line num="61" count="0" type="stmt"/>
      <line num="67" count="1" type="cond" truecount="3" falsecount="1"/>
      <line num="68" count="0" type="stmt"/>
      <line num="74" count="1" type="cond" truecount="3" falsecount="1"/>
      <line num="75" count="0" type="stmt"/>
      <line num="81" count="1" type="cond" truecount="1" falsecount="1"/>
      <line num="82" count="1" type="stmt"/>
    </file>
  </project>
</coverage>
