{"/Users/fitriamarfuaty/Yoast/plugin-development-docker/plugins/wpseo-woocommerce/js/src/assessments/ProductDescriptionAssessment.js": {"path":"/Users/fitriamarfuaty/Yoast/plugin-development-docker/plugins/wpseo-woocommerce/js/src/assessments/ProductDescriptionAssessment.js","statementMap":{"0":{"start":{"line":16,"column":2},"end":{"line":16,"column":10}},"1":{"start":{"line":18,"column":2},"end":{"line":18,"column":20}},"2":{"start":{"line":19,"column":2},"end":{"line":19,"column":54}},"3":{"start":{"line":30,"column":2},"end":{"line":30,"column":48}},"4":{"start":{"line":39,"column":29},"end":{"line":39,"column":53}},"5":{"start":{"line":41,"column":37},"end":{"line":41,"column":91}},"6":{"start":{"line":42,"column":35},"end":{"line":42,"column":81}},"7":{"start":{"line":44,"column":17},"end":{"line":44,"column":73}},"8":{"start":{"line":46,"column":27},"end":{"line":46,"column":49}},"9":{"start":{"line":47,"column":2},"end":{"line":47,"column":44}},"10":{"start":{"line":48,"column":2},"end":{"line":48,"column":42}},"11":{"start":{"line":50,"column":2},"end":{"line":50,"column":26}},"12":{"start":{"line":60,"column":2},"end":{"line":65,"column":3}},"13":{"start":{"line":61,"column":3},"end":{"line":64,"column":5}},"14":{"start":{"line":67,"column":2},"end":{"line":72,"column":3}},"15":{"start":{"line":68,"column":3},"end":{"line":71,"column":5}},"16":{"start":{"line":74,"column":2},"end":{"line":79,"column":3}},"17":{"start":{"line":75,"column":3},"end":{"line":78,"column":5}},"18":{"start":{"line":81,"column":2},"end":{"line":86,"column":3}},"19":{"start":{"line":82,"column":3},"end":{"line":85,"column":5}}},"fnMap":{"0":{"name":"(anonymous_0)","decl":{"start":{"line":15,"column":1},"end":{"line":15,"column":2}},"loc":{"start":{"line":15,"column":41},"end":{"line":20,"column":2}},"line":15},"1":{"name":"(anonymous_1)","decl":{"start":{"line":29,"column":1},"end":{"line":29,"column":2}},"loc":{"start":{"line":29,"column":48},"end":{"line":31,"column":2}},"line":29},"2":{"name":"(anonymous_2)","decl":{"start":{"line":38,"column":1},"end":{"line":38,"column":2}},"loc":{"start":{"line":38,"column":13},"end":{"line":51,"column":2}},"line":38},"3":{"name":"(anonymous_3)","decl":{"start":{"line":59,"column":1},"end":{"line":59,"column":2}},"loc":{"start":{"line":59,"column":35},"end":{"line":87,"column":2}},"line":59}},"branchMap":{"0":{"loc":{"start":{"line":60,"column":2},"end":{"line":65,"column":3}},"type":"if","locations":[{"start":{"line":60,"column":2},"end":{"line":65,"column":3}},{"start":{"line":60,"column":2},"end":{"line":65,"column":3}}],"line":60},"1":{"loc":{"start":{"line":67,"column":2},"end":{"line":72,"column":3}},"type":"if","locations":[{"start":{"line":67,"column":2},"end":{"line":72,"column":3}},{"start":{"line":67,"column":2},"end":{"line":72,"column":3}}],"line":67},"2":{"loc":{"start":{"line":67,"column":7},"end":{"line":67,"column":32}},"type":"binary-expr","locations":[{"start":{"line":67,"column":7},"end":{"line":67,"column":17}},{"start":{"line":67,"column":21},"end":{"line":67,"column":32}}],"line":67},"3":{"loc":{"start":{"line":74,"column":2},"end":{"line":79,"column":3}},"type":"if","locations":[{"start":{"line":74,"column":2},"end":{"line":79,"column":3}},{"start":{"line":74,"column":2},"end":{"line":79,"column":3}}],"line":74},"4":{"loc":{"start":{"line":74,"column":7},"end":{"line":74,"column":35}},"type":"binary-expr","locations":[{"start":{"line":74,"column":7},"end":{"line":74,"column":19}},{"start":{"line":74,"column":23},"end":{"line":74,"column":35}}],"line":74},"5":{"loc":{"start":{"line":81,"column":2},"end":{"line":86,"column":3}},"type":"if","locations":[{"start":{"line":81,"column":2},"end":{"line":86,"column":3}},{"start":{"line":81,"column":2},"end":{"line":86,"column":3}}],"line":81}},"s":{"0":1,"1":1,"2":1,"3":1,"4":1,"5":1,"6":1,"7":1,"8":1,"9":1,"10":1,"11":1,"12":1,"13":0,"14":1,"15":0,"16":1,"17":0,"18":1,"19":1},"f":{"0":1,"1":1,"2":1,"3":1},"b":{"0":[0,1],"1":[0,1],"2":[1,1],"3":[0,1],"4":[1,1],"5":[1,0]},"_coverageSchema":"1a1c01bbd47fc00a2c39e90264f33305004495a9","hash":"ff939aa02f99c509cefd69b788102b106f4614d5"}
}
