TN:
SF:js/src/assessments/ProductDescriptionAssessment.js
FN:15,(anonymous_0)
FN:29,(anonymous_1)
FN:38,(anonymous_2)
FN:59,(anonymous_3)
FNF:4
FNH:4
FNDA:1,(anonymous_0)
FNDA:1,(anonymous_1)
FNDA:1,(anonymous_2)
FNDA:1,(anonymous_3)
DA:16,1
DA:18,1
DA:19,1
DA:30,1
DA:39,1
DA:41,1
DA:42,1
DA:44,1
DA:46,1
DA:47,1
DA:48,1
DA:50,1
DA:60,1
DA:61,0
DA:67,1
DA:68,0
DA:74,1
DA:75,0
DA:81,1
DA:82,1
LF:20
LH:17
BRDA:60,0,0,0
BRDA:60,0,1,1
BRDA:67,1,0,0
BRDA:67,1,1,1
BRDA:67,2,0,1
BRDA:67,2,1,1
BRDA:74,3,0,0
BRDA:74,3,1,1
BRDA:74,4,0,1
BRDA:74,4,1,1
BRDA:81,5,0,1
BRDA:81,5,1,0
BRF:12
BRH:8
end_of_record
